  线性表（一元多项式相加）.cpp
D:\c++\线性表（一元多项式相加）\线性表（一元多项式相加）.cpp(8,7): error C4996: 'fopen': This function or variable may be unsafe. Consider using fopen_s instead. To disable deprecation, use _CRT_SECURE_NO_WARNINGS. See online help for details.
D:\c++\线性表（一元多项式相加）\线性表（一元多项式相加）.cpp(15,3): error C4996: 'fscanf': This function or variable may be unsafe. Consider using fscanf_s instead. To disable deprecation, use _CRT_SECURE_NO_WARNINGS. See online help for details.
D:\c++\线性表（一元多项式相加）\线性表（一元多项式相加）.cpp(17,4): error C4996: 'fscanf': This function or variable may be unsafe. Consider using fscanf_s instead. To disable deprecation, use _CRT_SECURE_NO_WARNINGS. See online help for details.
D:\c++\线性表（一元多项式相加）\线性表（一元多项式相加）.cpp(18,4): error C4996: 'fscanf': This function or variable may be unsafe. Consider using fscanf_s instead. To disable deprecation, use _CRT_SECURE_NO_WARNINGS. See online help for details.
D:\c++\线性表（一元多项式相加）\线性表（一元多项式相加）.cpp(19,37): error C4996: 'fscanf': This function or variable may be unsafe. Consider using fscanf_s instead. To disable deprecation, use _CRT_SECURE_NO_WARNINGS. See online help for details.
D:\c++\线性表（一元多项式相加）\线性表（一元多项式相加）.cpp(20,9): error C4996: 'fscanf': This function or variable may be unsafe. Consider using fscanf_s instead. To disable deprecation, use _CRT_SECURE_NO_WARNINGS. See online help for details.
D:\c++\线性表（一元多项式相加）\线性表（一元多项式相加）.cpp(21,4): error C4996: 'fscanf': This function or variable may be unsafe. Consider using fscanf_s instead. To disable deprecation, use _CRT_SECURE_NO_WARNINGS. See online help for details.
D:\c++\线性表（一元多项式相加）\线性表（一元多项式相加）.cpp(102,46): error C2664: “char *seekCreator(char *,int)”: 无法将参数 1 从“const char [20]”转换为“char *”
D:\c++\线性表（一元多项式相加）\线性表（一元多项式相加）.cpp(102,22): message : 从字符串文本转换将丢失 const 限定符(请参阅 /Zc:strictStrings)
D:\c++\线性表（一元多项式相加）\线性表（一元多项式相加）.cpp(3,7): message : 参见“seekCreator”的声明
D:\c++\线性表（一元多项式相加）\线性表（一元多项式相加）.cpp(40,8): error C4996: 'fopen': This function or variable may be unsafe. Consider using fopen_s instead. To disable deprecation, use _CRT_SECURE_NO_WARNINGS. See online help for details.
D:\c++\线性表（一元多项式相加）\线性表（一元多项式相加）.cpp(42,8): error C4996: 'fopen': This function or variable may be unsafe. Consider using fopen_s instead. To disable deprecation, use _CRT_SECURE_NO_WARNINGS. See online help for details.
D:\c++\线性表（一元多项式相加）\线性表（一元多项式相加）.cpp(44,2): error C4996: 'fscanf': This function or variable may be unsafe. Consider using fscanf_s instead. To disable deprecation, use _CRT_SECURE_NO_WARNINGS. See online help for details.
D:\c++\线性表（一元多项式相加）\线性表（一元多项式相加）.cpp(61,4): error C4996: 'fscanf': This function or variable may be unsafe. Consider using fscanf_s instead. To disable deprecation, use _CRT_SECURE_NO_WARNINGS. See online help for details.
D:\c++\线性表（一元多项式相加）\线性表（一元多项式相加）.cpp(76,4): error C4996: 'fscanf': This function or variable may be unsafe. Consider using fscanf_s instead. To disable deprecation, use _CRT_SECURE_NO_WARNINGS. See online help for details.
D:\c++\线性表（一元多项式相加）\线性表（一元多项式相加）.cpp(93,4): error C4996: 'strcpy': This function or variable may be unsafe. Consider using strcpy_s instead. To disable deprecation, use _CRT_SECURE_NO_WARNINGS. See online help for details.
D:\c++\线性表（一元多项式相加）\线性表（一元多项式相加）.cpp(97,3): error C4996: 'fscanf': This function or variable may be unsafe. Consider using fscanf_s instead. To disable deprecation, use _CRT_SECURE_NO_WARNINGS. See online help for details.
D:\c++\线性表（一元多项式相加）\线性表（一元多项式相加）.cpp(100,4): error C4996: 'strcpy': This function or variable may be unsafe. Consider using strcpy_s instead. To disable deprecation, use _CRT_SECURE_NO_WARNINGS. See online help for details.
D:\c++\线性表（一元多项式相加）\线性表（一元多项式相加）.cpp(135,7): error C4996: 'fopen': This function or variable may be unsafe. Consider using fopen_s instead. To disable deprecation, use _CRT_SECURE_NO_WARNINGS. See online help for details.
D:\c++\线性表（一元多项式相加）\线性表（一元多项式相加）.cpp(143,4): error C4996: 'fscanf': This function or variable may be unsafe. Consider using fscanf_s instead. To disable deprecation, use _CRT_SECURE_NO_WARNINGS. See online help for details.
D:\c++\线性表（一元多项式相加）\线性表（一元多项式相加）.cpp(144,4): error C4996: 'fscanf': This function or variable may be unsafe. Consider using fscanf_s instead. To disable deprecation, use _CRT_SECURE_NO_WARNINGS. See online help for details.
D:\c++\线性表（一元多项式相加）\线性表（一元多项式相加）.cpp(145,4): error C4996: 'fscanf': This function or variable may be unsafe. Consider using fscanf_s instead. To disable deprecation, use _CRT_SECURE_NO_WARNINGS. See online help for details.
D:\c++\线性表（一元多项式相加）\线性表（一元多项式相加）.cpp(147,9): error C4996: 'fscanf': This function or variable may be unsafe. Consider using fscanf_s instead. To disable deprecation, use _CRT_SECURE_NO_WARNINGS. See online help for details.
D:\c++\线性表（一元多项式相加）\线性表（一元多项式相加）.cpp(156,14): error C4996: 'fopen': This function or variable may be unsafe. Consider using fopen_s instead. To disable deprecation, use _CRT_SECURE_NO_WARNINGS. See online help for details.
D:\c++\线性表（一元多项式相加）\线性表（一元多项式相加）.cpp(157,14): error C4996: 'fopen': This function or variable may be unsafe. Consider using fopen_s instead. To disable deprecation, use _CRT_SECURE_NO_WARNINGS. See online help for details.
D:\c++\线性表（一元多项式相加）\线性表（一元多项式相加）.cpp(178,7): error C4996: 'fopen': This function or variable may be unsafe. Consider using fopen_s instead. To disable deprecation, use _CRT_SECURE_NO_WARNINGS. See online help for details.
D:\c++\线性表（一元多项式相加）\线性表（一元多项式相加）.cpp(185,3): error C4996: 'fscanf': This function or variable may be unsafe. Consider using fscanf_s instead. To disable deprecation, use _CRT_SECURE_NO_WARNINGS. See online help for details.
D:\c++\线性表（一元多项式相加）\线性表（一元多项式相加）.cpp(186,3): error C4996: 'fscanf': This function or variable may be unsafe. Consider using fscanf_s instead. To disable deprecation, use _CRT_SECURE_NO_WARNINGS. See online help for details.
D:\c++\线性表（一元多项式相加）\线性表（一元多项式相加）.cpp(188,4): error C4996: 'fscanf': This function or variable may be unsafe. Consider using fscanf_s instead. To disable deprecation, use _CRT_SECURE_NO_WARNINGS. See online help for details.
D:\c++\线性表（一元多项式相加）\线性表（一元多项式相加）.cpp(189,37): error C4996: 'fscanf': This function or variable may be unsafe. Consider using fscanf_s instead. To disable deprecation, use _CRT_SECURE_NO_WARNINGS. See online help for details.
D:\c++\线性表（一元多项式相加）\线性表（一元多项式相加）.cpp(190,9): error C4996: 'fscanf': This function or variable may be unsafe. Consider using fscanf_s instead. To disable deprecation, use _CRT_SECURE_NO_WARNINGS. See online help for details.
D:\c++\线性表（一元多项式相加）\线性表（一元多项式相加）.cpp(191,4): error C4996: 'fscanf': This function or variable may be unsafe. Consider using fscanf_s instead. To disable deprecation, use _CRT_SECURE_NO_WARNINGS. See online help for details.
D:\c++\线性表（一元多项式相加）\线性表（一元多项式相加）.cpp(220,7): error C4996: 'fopen': This function or variable may be unsafe. Consider using fopen_s instead. To disable deprecation, use _CRT_SECURE_NO_WARNINGS. See online help for details.
D:\c++\线性表（一元多项式相加）\线性表（一元多项式相加）.cpp(222,2): error C4996: 'fscanf': This function or variable may be unsafe. Consider using fscanf_s instead. To disable deprecation, use _CRT_SECURE_NO_WARNINGS. See online help for details.
D:\c++\线性表（一元多项式相加）\线性表（一元多项式相加）.cpp(223,2): error C4996: 'fscanf': This function or variable may be unsafe. Consider using fscanf_s instead. To disable deprecation, use _CRT_SECURE_NO_WARNINGS. See online help for details.
D:\c++\线性表（一元多项式相加）\线性表（一元多项式相加）.cpp(226,3): error C4996: 'fscanf': This function or variable may be unsafe. Consider using fscanf_s instead. To disable deprecation, use _CRT_SECURE_NO_WARNINGS. See online help for details.
D:\c++\线性表（一元多项式相加）\线性表（一元多项式相加）.cpp(227,3): error C4996: 'fscanf': This function or variable may be unsafe. Consider using fscanf_s instead. To disable deprecation, use _CRT_SECURE_NO_WARNINGS. See online help for details.
D:\c++\线性表（一元多项式相加）\线性表（一元多项式相加）.cpp(383,8): error C4996: 'fopen': This function or variable may be unsafe. Consider using fopen_s instead. To disable deprecation, use _CRT_SECURE_NO_WARNINGS. See online help for details.
D:\c++\线性表（一元多项式相加）\线性表（一元多项式相加）.cpp(489,8): error C4996: 'fopen': This function or variable may be unsafe. Consider using fopen_s instead. To disable deprecation, use _CRT_SECURE_NO_WARNINGS. See online help for details.
D:\c++\线性表（一元多项式相加）\线性表（一元多项式相加）.cpp(515,8): error C4996: 'fopen': This function or variable may be unsafe. Consider using fopen_s instead. To disable deprecation, use _CRT_SECURE_NO_WARNINGS. See online help for details.
